This file contains any messages produced by compilers while
running configure, to aid debugging if configure makes a mistake.

It was created by xdrfile configure 1.1.2, which was
generated by GNU Autoconf 2.63.  Invocation command line was

  $ ./configure --prefix=/home/hjung52/Utility/xdr1.1.4 CC=/opt/intel/composer_xe_2013.5.192/bin/intel64/icc CXX=/opt/intel/composer_xe_2013.5.192/bin/intel64/icpc --no-create --no-recursion

## --------- ##
## Platform. ##
## --------- ##

hostname = aci-service-2.chtc.wisc.edu
uname -m = x86_64
uname -r = 2.6.32-573.12.1.el6.x86_64
uname -s = Linux
uname -v = #1 SMP Tue Dec 15 08:24:23 CST 2015

/usr/bin/uname -p = unknown
/bin/uname -X     = unknown

/bin/arch              = x86_64
/usr/bin/arch -k       = unknown
/usr/convex/getsysinfo = unknown
/usr/bin/hostinfo      = unknown
/bin/machine           = unknown
/usr/bin/oslevel       = unknown
/bin/universe          = unknown

PATH: /home/hjung52/anaconda2/bin
PATH: /home/hjung52/anaconda3/bin
PATH: /usr/cmake-2.8.11.2/bin
PATH: /usr/mpi/intel/openmpi-1.6.4/bin
PATH: /usr/mpi/intel/mpich-3.1/bin
PATH: /opt/intel/composer_xe_2013.5.192/bin/intel64
PATH: /opt/intel/composer_xe_2013.5.192/mpirt/bin/intel64
PATH: /opt/intel/composer_xe_2013.5.192/bin/intel64
PATH: /opt/intel/composer_xe_2013.5.192/bin/intel64_mic
PATH: /opt/intel/composer_xe_2013.5.192/debugger/gui/intel64
PATH: /opt/intel/composer_xe_2013.5.192/bin/intel64
PATH: /opt/intel/composer_xe_2013.5.192/mpirt/bin/intel64
PATH: /opt/intel/composer_xe_2013.5.192/bin/intel64
PATH: /opt/intel/composer_xe_2013.5.192/bin/intel64_mic
PATH: /opt/intel/composer_xe_2013.5.192/debugger/gui/intel64
PATH: /home/hjung52/gromacs5.1.2/bin
PATH: /usr/lib64/qt-3.3/bin
PATH: /usr/lib64/ccache
PATH: /usr/local/bin
PATH: /bin
PATH: /usr/bin
PATH: /usr/local/sbin
PATH: /usr/sbin
PATH: /sbin
PATH: /opt/ibutils/bin
PATH: /opt/dell/srvadmin/bin
PATH: /usr/bin
PATH: /home/hjung52/vmd
PATH: /home/hjung52/src/zlib
PATH: /home/hjung52/bin


## ----------- ##
## Core tests. ##
## ----------- ##

configure:2103: checking build system type
configure:2121: result: x86_64-unknown-linux-gnu
configure:2143: checking host system type
configure:2158: result: x86_64-unknown-linux-gnu
configure:2196: checking for a BSD-compatible install
configure:2264: result: /usr/bin/install -c
configure:2275: checking whether build environment is sane
configure:2318: result: yes
configure:2380: checking for gawk
configure:2396: found /bin/gawk
configure:2407: result: gawk
configure:2418: checking whether make sets $(MAKE)
configure:2440: result: yes
configure:2615: checking how to create a ustar tar archive
configure:2628: tar --version
tar (GNU tar) 1.23
Copyright (C) 2010 Free Software Foundation, Inc.
License GPLv3+: GNU GPL version 3 or later <http://gnu.org/licenses/gpl.html>.
This is free software: you are free to change and redistribute it.
There is NO WARRANTY, to the extent permitted by law.

Written by John Gilmore and Jay Fenlason.
configure:2631: $? = 0
configure:2671: tardir=conftest.dir && eval tar --format=ustar -chf - "$tardir" >conftest.tar
tar: conftest.dir/file: file changed as we read it
configure:2674: $? = 1
configure:2678: tar -xf - <conftest.tar
configure:2681: $? = 0
configure:2694: result: gnutar
configure:2935: checking for C compiler version
configure:2943: /opt/intel/composer_xe_2013.5.192/bin/intel64/icc --version >&5
icc (ICC) 13.1.3 20130607
Copyright (C) 1985-2013 Intel Corporation.  All rights reserved.

configure:2947: $? = 0
configure:2954: /opt/intel/composer_xe_2013.5.192/bin/intel64/icc -v >&5
icc version 13.1.3 (gcc version 4.4.7 compatibility)
configure:2958: $? = 0
configure:2965: /opt/intel/composer_xe_2013.5.192/bin/intel64/icc -V >&5
Intel(R) C Intel(R) 64 Compiler XE for applications running on Intel(R) 64, Version 13.1.3.192 Build 20130607
Copyright (C) 1985-2013 Intel Corporation.  All rights reserved.

configure:2969: $? = 0
configure:2992: checking for C compiler default output file name
configure:3014: /opt/intel/composer_xe_2013.5.192/bin/intel64/icc    conftest.c  >&5
configure:3018: $? = 0
configure:3056: result: a.out
configure:3075: checking whether the C compiler works
configure:3085: ./a.out
configure:3089: $? = 0
configure:3108: result: yes
configure:3115: checking whether we are cross compiling
configure:3117: result: no
configure:3120: checking for suffix of executables
configure:3127: /opt/intel/composer_xe_2013.5.192/bin/intel64/icc -o conftest    conftest.c  >&5
configure:3131: $? = 0
configure:3157: result: 
configure:3163: checking for suffix of object files
configure:3189: /opt/intel/composer_xe_2013.5.192/bin/intel64/icc -c   conftest.c >&5
configure:3193: $? = 0
configure:3218: result: o
configure:3222: checking whether we are using the GNU C compiler
configure:3251: /opt/intel/composer_xe_2013.5.192/bin/intel64/icc -c   conftest.c >&5
configure:3258: $? = 0
configure:3275: result: yes
configure:3284: checking whether /opt/intel/composer_xe_2013.5.192/bin/intel64/icc accepts -g
configure:3314: /opt/intel/composer_xe_2013.5.192/bin/intel64/icc -c -g  conftest.c >&5
configure:3321: $? = 0
configure:3422: result: yes
configure:3439: checking for /opt/intel/composer_xe_2013.5.192/bin/intel64/icc option to accept ISO C89
configure:3513: /opt/intel/composer_xe_2013.5.192/bin/intel64/icc  -c -g -O2  conftest.c >&5
configure:3520: $? = 0
configure:3543: result: none needed
configure:3572: checking for style of include used by make
configure:3600: result: GNU
configure:3628: checking dependency style of /opt/intel/composer_xe_2013.5.192/bin/intel64/icc
configure:3718: result: gcc3
configure:5120: checking how to run the C preprocessor
configure:5160: /opt/intel/composer_xe_2013.5.192/bin/intel64/icc -E  conftest.c
configure:5167: $? = 0
configure:5198: /opt/intel/composer_xe_2013.5.192/bin/intel64/icc -E  conftest.c
conftest.c(15): error #2379: cannot open source file "ac_nonexistent.h"
  #include <ac_nonexistent.h>
                             ^

configure:5205: $? = 2
configure: failed program was:
| /* confdefs.h.  */
| #define PACKAGE_NAME "xdrfile"
| #define PACKAGE_TARNAME "xdrfile"
| #define PACKAGE_VERSION "1.1.2"
| #define PACKAGE_STRING "xdrfile 1.1.2"
| #define PACKAGE_BUGREPORT "gmx-users@gromacs.org"
| #define PACKAGE "xdrfile"
| #define VERSION "1.1.2"
| #define BUILD_TIME "Wed Sep 14 12:46:50 CDT 2016"
| #define BUILD_USER "hjung52@aci-service-2.chtc.wisc.edu"
| #define BUILD_MACHINE "Linux 2.6.32-573.12.1.el6.x86_64 x86_64"
| #define F77_OR_C_FUNC(name,NAME) name
| #define F77_OR_C_FUNC_(name,NAME) name
| /* end confdefs.h.  */
| #include <ac_nonexistent.h>
configure:5238: result: /opt/intel/composer_xe_2013.5.192/bin/intel64/icc -E
configure:5267: /opt/intel/composer_xe_2013.5.192/bin/intel64/icc -E  conftest.c
configure:5274: $? = 0
configure:5305: /opt/intel/composer_xe_2013.5.192/bin/intel64/icc -E  conftest.c
conftest.c(15): error #2379: cannot open source file "ac_nonexistent.h"
  #include <ac_nonexistent.h>
                             ^

configure:5312: $? = 2
configure: failed program was:
| /* confdefs.h.  */
| #define PACKAGE_NAME "xdrfile"
| #define PACKAGE_TARNAME "xdrfile"
| #define PACKAGE_VERSION "1.1.2"
| #define PACKAGE_STRING "xdrfile 1.1.2"
| #define PACKAGE_BUGREPORT "gmx-users@gromacs.org"
| #define PACKAGE "xdrfile"
| #define VERSION "1.1.2"
| #define BUILD_TIME "Wed Sep 14 12:46:50 CDT 2016"
| #define BUILD_USER "hjung52@aci-service-2.chtc.wisc.edu"
| #define BUILD_MACHINE "Linux 2.6.32-573.12.1.el6.x86_64 x86_64"
| #define F77_OR_C_FUNC(name,NAME) name
| #define F77_OR_C_FUNC_(name,NAME) name
| /* end confdefs.h.  */
| #include <ac_nonexistent.h>
configure:6041: checking whether /opt/intel/composer_xe_2013.5.192/bin/intel64/icc accepts -msse2
configure:6059: result: yes
configure:6073: checking whether /opt/intel/composer_xe_2013.5.192/bin/intel64/icc accepts -funroll-all-loops
configure:6091: result: yes
configure:6103: checking whether /opt/intel/composer_xe_2013.5.192/bin/intel64/icc accepts -std=gnu99
configure:6121: result: yes
configure:6136: checking whether /opt/intel/composer_xe_2013.5.192/bin/intel64/icc accepts -fexcess-precision=fast
configure:6154: result: no
configure:6195: checking whether /opt/intel/composer_xe_2013.5.192/bin/intel64/icc accepts -O3 -tpp7 -axW -ip -w -msse2 -funroll-all-loops -std=gnu99
configure:6213: result: yes
configure:6305: checking for grep that handles long lines and -e
configure:6365: result: /bin/grep
configure:6370: checking for egrep
configure:6434: result: /bin/grep -E
configure:6439: checking for ANSI C header files
configure:6477: /opt/intel/composer_xe_2013.5.192/bin/intel64/icc -c -O3 -tpp7 -axW -ip -w -msse2 -funroll-all-loops -std=gnu99  -I/usr/local/include conftest.c >&5
configure:6484: $? = 0
configure:6583: /opt/intel/composer_xe_2013.5.192/bin/intel64/icc -o conftest -O3 -tpp7 -axW -ip -w -msse2 -funroll-all-loops -std=gnu99  -I/usr/local/include   conftest.c  >&5
configure:6587: $? = 0
configure:6593: ./conftest
configure:6597: $? = 0
configure:6615: result: yes
configure:6639: checking for sys/types.h
configure:6660: /opt/intel/composer_xe_2013.5.192/bin/intel64/icc -c -O3 -tpp7 -axW -ip -w -msse2 -funroll-all-loops -std=gnu99  -I/usr/local/include conftest.c >&5
configure:6667: $? = 0
configure:6684: result: yes
configure:6639: checking for sys/stat.h
configure:6660: /opt/intel/composer_xe_2013.5.192/bin/intel64/icc -c -O3 -tpp7 -axW -ip -w -msse2 -funroll-all-loops -std=gnu99  -I/usr/local/include conftest.c >&5
configure:6667: $? = 0
configure:6684: result: yes
configure:6639: checking for stdlib.h
configure:6660: /opt/intel/composer_xe_2013.5.192/bin/intel64/icc -c -O3 -tpp7 -axW -ip -w -msse2 -funroll-all-loops -std=gnu99  -I/usr/local/include conftest.c >&5
configure:6667: $? = 0
configure:6684: result: yes
configure:6639: checking for string.h
configure:6660: /opt/intel/composer_xe_2013.5.192/bin/intel64/icc -c -O3 -tpp7 -axW -ip -w -msse2 -funroll-all-loops -std=gnu99  -I/usr/local/include conftest.c >&5
configure:6667: $? = 0
configure:6684: result: yes
configure:6639: checking for memory.h
configure:6660: /opt/intel/composer_xe_2013.5.192/bin/intel64/icc -c -O3 -tpp7 -axW -ip -w -msse2 -funroll-all-loops -std=gnu99  -I/usr/local/include conftest.c >&5
configure:6667: $? = 0
configure:6684: result: yes
configure:6639: checking for strings.h
configure:6660: /opt/intel/composer_xe_2013.5.192/bin/intel64/icc -c -O3 -tpp7 -axW -ip -w -msse2 -funroll-all-loops -std=gnu99  -I/usr/local/include conftest.c >&5
configure:6667: $? = 0
configure:6684: result: yes
configure:6639: checking for inttypes.h
configure:6660: /opt/intel/composer_xe_2013.5.192/bin/intel64/icc -c -O3 -tpp7 -axW -ip -w -msse2 -funroll-all-loops -std=gnu99  -I/usr/local/include conftest.c >&5
configure:6667: $? = 0
configure:6684: result: yes
configure:6639: checking for stdint.h
configure:6660: /opt/intel/composer_xe_2013.5.192/bin/intel64/icc -c -O3 -tpp7 -axW -ip -w -msse2 -funroll-all-loops -std=gnu99  -I/usr/local/include conftest.c >&5
configure:6667: $? = 0
configure:6684: result: yes
configure:6639: checking for unistd.h
configure:6660: /opt/intel/composer_xe_2013.5.192/bin/intel64/icc -c -O3 -tpp7 -axW -ip -w -msse2 -funroll-all-loops -std=gnu99  -I/usr/local/include conftest.c >&5
configure:6667: $? = 0
configure:6684: result: yes
configure:6699: checking whether byte ordering is bigendian
configure:6724: /opt/intel/composer_xe_2013.5.192/bin/intel64/icc -c -O3 -tpp7 -axW -ip -w -msse2 -funroll-all-loops -std=gnu99  -I/usr/local/include conftest.c >&5
conftest.c(26): error: identifier "not" is undefined
  	       not a universal capable compiler
  	       ^

conftest.c(26): error: expected a ";"
  	       not a universal capable compiler
  	             ^

configure:6731: $? = 2
configure: failed program was:
| /* confdefs.h.  */
| #define PACKAGE_NAME "xdrfile"
| #define PACKAGE_TARNAME "xdrfile"
| #define PACKAGE_VERSION "1.1.2"
| #define PACKAGE_STRING "xdrfile 1.1.2"
| #define PACKAGE_BUGREPORT "gmx-users@gromacs.org"
| #define PACKAGE "xdrfile"
| #define VERSION "1.1.2"
| #define BUILD_TIME "Wed Sep 14 12:46:50 CDT 2016"
| #define BUILD_USER "hjung52@aci-service-2.chtc.wisc.edu"
| #define BUILD_MACHINE "Linux 2.6.32-573.12.1.el6.x86_64 x86_64"
| #define F77_OR_C_FUNC(name,NAME) name
| #define F77_OR_C_FUNC_(name,NAME) name
| #define STDC_HEADERS 1
| #define HAVE_SYS_TYPES_H 1
| #define HAVE_SYS_STAT_H 1
| #define HAVE_STDLIB_H 1
| #define HAVE_STRING_H 1
| #define HAVE_MEMORY_H 1
| #define HAVE_STRINGS_H 1
| #define HAVE_INTTYPES_H 1
| #define HAVE_STDINT_H 1
| #define HAVE_UNISTD_H 1
| /* end confdefs.h.  */
| #ifndef __APPLE_CC__
| 	       not a universal capable compiler
| 	     #endif
| 	     typedef int dummy;
| 
configure:6789: /opt/intel/composer_xe_2013.5.192/bin/intel64/icc -c -O3 -tpp7 -axW -ip -w -msse2 -funroll-all-loops -std=gnu99  -I/usr/local/include conftest.c >&5
configure:6796: $? = 0
configure:6836: /opt/intel/composer_xe_2013.5.192/bin/intel64/icc -c -O3 -tpp7 -axW -ip -w -msse2 -funroll-all-loops -std=gnu99  -I/usr/local/include conftest.c >&5
conftest.c(40): error: identifier "not" is undefined
  		 not big endian
  		 ^

conftest.c(40): error: expected a ";"
  		 not big endian
  		         ^

configure:6843: $? = 2
configure: failed program was:
| /* confdefs.h.  */
| #define PACKAGE_NAME "xdrfile"
| #define PACKAGE_TARNAME "xdrfile"
| #define PACKAGE_VERSION "1.1.2"
| #define PACKAGE_STRING "xdrfile 1.1.2"
| #define PACKAGE_BUGREPORT "gmx-users@gromacs.org"
| #define PACKAGE "xdrfile"
| #define VERSION "1.1.2"
| #define BUILD_TIME "Wed Sep 14 12:46:50 CDT 2016"
| #define BUILD_USER "hjung52@aci-service-2.chtc.wisc.edu"
| #define BUILD_MACHINE "Linux 2.6.32-573.12.1.el6.x86_64 x86_64"
| #define F77_OR_C_FUNC(name,NAME) name
| #define F77_OR_C_FUNC_(name,NAME) name
| #define STDC_HEADERS 1
| #define HAVE_SYS_TYPES_H 1
| #define HAVE_SYS_STAT_H 1
| #define HAVE_STDLIB_H 1
| #define HAVE_STRING_H 1
| #define HAVE_MEMORY_H 1
| #define HAVE_STRINGS_H 1
| #define HAVE_INTTYPES_H 1
| #define HAVE_STDINT_H 1
| #define HAVE_UNISTD_H 1
| /* end confdefs.h.  */
| #include <sys/types.h>
| 		#include <sys/param.h>
| 
| #ifdef F77_DUMMY_MAIN
| 
| #  ifdef __cplusplus
|      extern "C"
| #  endif
|    int F77_DUMMY_MAIN() { return 1; }
| 
| #endif
| int
| main ()
| {
| #if BYTE_ORDER != BIG_ENDIAN
| 		 not big endian
| 		#endif
| 
|   ;
|   return 0;
| }
configure:7127: result: no
configure:7161: checking size of int
configure:7514: /opt/intel/composer_xe_2013.5.192/bin/intel64/icc -o conftest -O3 -tpp7 -axW -ip -w -msse2 -funroll-all-loops -std=gnu99  -I/usr/local/include   conftest.c  >&5
configure:7518: $? = 0
configure:7524: ./conftest
configure:7528: $? = 0
configure:7554: result: 4
configure:7568: checking size of long int
configure:7921: /opt/intel/composer_xe_2013.5.192/bin/intel64/icc -o conftest -O3 -tpp7 -axW -ip -w -msse2 -funroll-all-loops -std=gnu99  -I/usr/local/include   conftest.c  >&5
configure:7925: $? = 0
configure:7931: ./conftest
configure:7935: $? = 0
configure:7961: result: 8
configure:7975: checking size of long long int
configure:8328: /opt/intel/composer_xe_2013.5.192/bin/intel64/icc -o conftest -O3 -tpp7 -axW -ip -w -msse2 -funroll-all-loops -std=gnu99  -I/usr/local/include   conftest.c  >&5
configure:8332: $? = 0
configure:8338: ./conftest
configure:8342: $? = 0
configure:8368: result: 8
configure:8384: checking that size_t can hold pointers
configure:8418: /opt/intel/composer_xe_2013.5.192/bin/intel64/icc -c -O3 -tpp7 -axW -ip -w -msse2 -funroll-all-loops -std=gnu99  -I/usr/local/include conftest.c >&5
configure:8425: $? = 0
configure:8430: result: yes
configure:8449: checking floating-point format
configure:8470: /opt/intel/composer_xe_2013.5.192/bin/intel64/icc -c -O3 -tpp7 -axW -ip -w -msse2 -funroll-all-loops -std=gnu99  -I/usr/local/include conftest.c >&5
configure:8473: $? = 0
configure:8503: result: IEEE754 (little-endian byte and word order)
configure:8582: checking for a BSD-compatible install
configure:8650: result: /usr/bin/install -c
configure:8661: checking whether ln -s works
configure:8665: result: yes
configure:8672: checking whether make sets $(MAKE)
configure:8694: result: yes
configure:8753: checking for a sed that does not truncate output
configure:8807: result: /bin/sed
configure:8821: checking for ld used by /opt/intel/composer_xe_2013.5.192/bin/intel64/icc
configure:8888: result: /usr/bin/ld
configure:8897: checking if the linker (/usr/bin/ld) is GNU ld
configure:8912: result: yes
configure:8917: checking for /usr/bin/ld option to reload object files
configure:8924: result: -r
configure:8942: checking for BSD-compatible nm
configure:8991: result: /usr/bin/nm -B
configure:8995: checking how to recognise dependent libraries
configure:9171: result: pass_all
configure:9258: /opt/intel/composer_xe_2013.5.192/bin/intel64/icc -c -O3 -tpp7 -axW -ip -w -msse2 -funroll-all-loops -std=gnu99  -I/usr/local/include conftest.c >&5
configure:9261: $? = 0
configure:9705: checking dlfcn.h usability
configure:9722: /opt/intel/composer_xe_2013.5.192/bin/intel64/icc -c -O3 -tpp7 -axW -ip -w -msse2 -funroll-all-loops -std=gnu99  -I/usr/local/include conftest.c >&5
configure:9729: $? = 0
configure:9743: result: yes
configure:9747: checking dlfcn.h presence
configure:9762: /opt/intel/composer_xe_2013.5.192/bin/intel64/icc -E  -I/usr/local/include conftest.c
configure:9769: $? = 0
configure:9783: result: yes
configure:9816: checking for dlfcn.h
configure:9825: result: yes
configure:9952: checking for C++ compiler version
configure:9960: /opt/intel/composer_xe_2013.5.192/bin/intel64/icpc --version >&5
icpc (ICC) 13.1.3 20130607
Copyright (C) 1985-2013 Intel Corporation.  All rights reserved.

configure:9964: $? = 0
configure:9971: /opt/intel/composer_xe_2013.5.192/bin/intel64/icpc -v >&5
icpc version 13.1.3 (gcc version 4.4.7 compatibility)
configure:9975: $? = 0
configure:9982: /opt/intel/composer_xe_2013.5.192/bin/intel64/icpc -V >&5
Intel(R) C++ Intel(R) 64 Compiler XE for applications running on Intel(R) 64, Version 13.1.3.192 Build 20130607
Copyright (C) 1985-2013 Intel Corporation.  All rights reserved.

configure:9986: $? = 0
configure:9989: checking whether we are using the GNU C++ compiler
configure:10026: /opt/intel/composer_xe_2013.5.192/bin/intel64/icpc -c   -I/usr/local/include conftest.cpp >&5
configure:10033: $? = 0
configure:10050: result: yes
configure:10059: checking whether /opt/intel/composer_xe_2013.5.192/bin/intel64/icpc accepts -g
configure:10097: /opt/intel/composer_xe_2013.5.192/bin/intel64/icpc -c -g  -I/usr/local/include conftest.cpp >&5
configure:10104: $? = 0
configure:10221: result: yes
configure:10246: checking dependency style of /opt/intel/composer_xe_2013.5.192/bin/intel64/icpc
configure:10336: result: gcc3
configure:10363: checking how to run the C++ preprocessor
configure:10399: /opt/intel/composer_xe_2013.5.192/bin/intel64/icpc -E  -I/usr/local/include conftest.cpp
configure:10406: $? = 0
configure:10437: /opt/intel/composer_xe_2013.5.192/bin/intel64/icpc -E  -I/usr/local/include conftest.cpp
conftest.cpp(30): error #2379: cannot open source file "ac_nonexistent.h"
  #include <ac_nonexistent.h>
                             ^

configure:10444: $? = 2
configure: failed program was:
| /* confdefs.h.  */
| #define PACKAGE_NAME "xdrfile"
| #define PACKAGE_TARNAME "xdrfile"
| #define PACKAGE_VERSION "1.1.2"
| #define PACKAGE_STRING "xdrfile 1.1.2"
| #define PACKAGE_BUGREPORT "gmx-users@gromacs.org"
| #define PACKAGE "xdrfile"
| #define VERSION "1.1.2"
| #define BUILD_TIME "Wed Sep 14 12:46:50 CDT 2016"
| #define BUILD_USER "hjung52@aci-service-2.chtc.wisc.edu"
| #define BUILD_MACHINE "Linux 2.6.32-573.12.1.el6.x86_64 x86_64"
| #define F77_OR_C_FUNC(name,NAME) name
| #define F77_OR_C_FUNC_(name,NAME) name
| #define STDC_HEADERS 1
| #define HAVE_SYS_TYPES_H 1
| #define HAVE_SYS_STAT_H 1
| #define HAVE_STDLIB_H 1
| #define HAVE_STRING_H 1
| #define HAVE_MEMORY_H 1
| #define HAVE_STRINGS_H 1
| #define HAVE_INTTYPES_H 1
| #define HAVE_STDINT_H 1
| #define HAVE_UNISTD_H 1
| #define SIZEOF_INT 4
| #define SIZEOF_LONG_INT 8
| #define SIZEOF_LONG_LONG_INT 8
| #define FLOAT_FORMAT_IEEE754 /**/
| #define HAVE_DLFCN_H 1
| /* end confdefs.h.  */
| #include <ac_nonexistent.h>
configure:10477: result: /opt/intel/composer_xe_2013.5.192/bin/intel64/icpc -E
configure:10506: /opt/intel/composer_xe_2013.5.192/bin/intel64/icpc -E  -I/usr/local/include conftest.cpp
configure:10513: $? = 0
configure:10544: /opt/intel/composer_xe_2013.5.192/bin/intel64/icpc -E  -I/usr/local/include conftest.cpp
conftest.cpp(30): error #2379: cannot open source file "ac_nonexistent.h"
  #include <ac_nonexistent.h>
                             ^

configure:10551: $? = 2
configure: failed program was:
| /* confdefs.h.  */
| #define PACKAGE_NAME "xdrfile"
| #define PACKAGE_TARNAME "xdrfile"
| #define PACKAGE_VERSION "1.1.2"
| #define PACKAGE_STRING "xdrfile 1.1.2"
| #define PACKAGE_BUGREPORT "gmx-users@gromacs.org"
| #define PACKAGE "xdrfile"
| #define VERSION "1.1.2"
| #define BUILD_TIME "Wed Sep 14 12:46:50 CDT 2016"
| #define BUILD_USER "hjung52@aci-service-2.chtc.wisc.edu"
| #define BUILD_MACHINE "Linux 2.6.32-573.12.1.el6.x86_64 x86_64"
| #define F77_OR_C_FUNC(name,NAME) name
| #define F77_OR_C_FUNC_(name,NAME) name
| #define STDC_HEADERS 1
| #define HAVE_SYS_TYPES_H 1
| #define HAVE_SYS_STAT_H 1
| #define HAVE_STDLIB_H 1
| #define HAVE_STRING_H 1
| #define HAVE_MEMORY_H 1
| #define HAVE_STRINGS_H 1
| #define HAVE_INTTYPES_H 1
| #define HAVE_STDINT_H 1
| #define HAVE_UNISTD_H 1
| #define SIZEOF_INT 4
| #define SIZEOF_LONG_INT 8
| #define SIZEOF_LONG_LONG_INT 8
| #define FLOAT_FORMAT_IEEE754 /**/
| #define HAVE_DLFCN_H 1
| /* end confdefs.h.  */
| #include <ac_nonexistent.h>
configure:10597: checking the maximum length of command line arguments
configure:10706: result: 32768
configure:10717: checking command to parse /usr/bin/nm -B output from /opt/intel/composer_xe_2013.5.192/bin/intel64/icc object
configure:10822: /opt/intel/composer_xe_2013.5.192/bin/intel64/icpc -c -g -O2  -I/usr/local/include conftest.cpp >&5
configure:10825: $? = 0
configure:10829: /usr/bin/nm -B conftest.o \| sed -n -e 's/^.*[ 	]\([ABCDGIRSTW][ABCDGIRSTW]*\)[ 	][ 	]*\([_A-Za-z][_A-Za-z0-9]*\)$/\1 \2 \2/p' \> conftest.nm
configure:10832: $? = 0
configure:10884: /opt/intel/composer_xe_2013.5.192/bin/intel64/icpc -o conftest -g -O2  -I/usr/local/include   conftest.cpp conftstm.o >&5
configure:10887: $? = 0
configure:10925: result: ok
configure:10929: checking for objdir
configure:10944: result: .libs
configure:11036: checking for ar
configure:11052: found /usr/bin/ar
configure:11063: result: ar
configure:11128: checking for ranlib
configure:11144: found /usr/bin/ranlib
configure:11155: result: ranlib
configure:11220: checking for strip
configure:11236: found /usr/bin/strip
configure:11247: result: strip
configure:11533: checking if /opt/intel/composer_xe_2013.5.192/bin/intel64/icc supports -fno-rtti -fno-exceptions
configure:11551: /opt/intel/composer_xe_2013.5.192/bin/intel64/icc -c -O3 -tpp7 -axW -ip -w -msse2 -funroll-all-loops -std=gnu99  -I/usr/local/include -fno-rtti -fno-exceptions conftest.c >&5
configure:11555: $? = 0
configure:11568: result: yes
configure:11583: checking for /opt/intel/composer_xe_2013.5.192/bin/intel64/icc option to produce PIC
configure:11793: result: -fPIC
configure:11801: checking if /opt/intel/composer_xe_2013.5.192/bin/intel64/icc PIC flag -fPIC works
configure:11819: /opt/intel/composer_xe_2013.5.192/bin/intel64/icc -c -O3 -tpp7 -axW -ip -w -msse2 -funroll-all-loops -std=gnu99  -I/usr/local/include -fPIC -DPIC conftest.c >&5
configure:11823: $? = 0
configure:11836: result: yes
configure:11864: checking if /opt/intel/composer_xe_2013.5.192/bin/intel64/icc static flag -static works
configure:11892: result: yes
configure:11902: checking if /opt/intel/composer_xe_2013.5.192/bin/intel64/icc supports -c -o file.o
configure:11923: /opt/intel/composer_xe_2013.5.192/bin/intel64/icc -c -O3 -tpp7 -axW -ip -w -msse2 -funroll-all-loops -std=gnu99  -I/usr/local/include -o out/conftest2.o conftest.c >&5
configure:11927: $? = 0
configure:11949: result: yes
configure:11975: checking whether the /opt/intel/composer_xe_2013.5.192/bin/intel64/icc linker (/usr/bin/ld -m elf_x86_64) supports shared libraries
configure:12953: result: yes
configure:13020: checking dynamic linker characteristics
configure:13608: result: GNU/Linux ld.so
configure:13617: checking how to hardcode library paths into programs
configure:13642: result: immediate
configure:13656: checking whether stripping libraries is possible
configure:13661: result: yes
configure:14547: checking if libtool supports shared libraries
configure:14549: result: yes
configure:14552: checking whether to build shared libraries
configure:14573: result: no
configure:14576: checking whether to build static libraries
configure:14580: result: yes
configure:14672: creating libtool
configure:15260: checking for ld used by /opt/intel/composer_xe_2013.5.192/bin/intel64/icpc
configure:15327: result: /usr/bin/ld -m elf_x86_64
configure:15336: checking if the linker (/usr/bin/ld -m elf_x86_64) is GNU ld
configure:15351: result: yes
configure:15402: checking whether the /opt/intel/composer_xe_2013.5.192/bin/intel64/icpc linker (/usr/bin/ld -m elf_x86_64) supports shared libraries
configure:16360: result: yes
configure:16382: /opt/intel/composer_xe_2013.5.192/bin/intel64/icpc -c -g -O2  -I/usr/local/include conftest.cpp >&5
configure:16385: $? = 0
configure:16504: checking for /opt/intel/composer_xe_2013.5.192/bin/intel64/icpc option to produce PIC
configure:16778: result: -fPIC
configure:16786: checking if /opt/intel/composer_xe_2013.5.192/bin/intel64/icpc PIC flag -fPIC works
configure:16804: /opt/intel/composer_xe_2013.5.192/bin/intel64/icpc -c -g -O2  -I/usr/local/include -fPIC -DPIC conftest.cpp >&5
configure:16808: $? = 0
configure:16821: result: yes
configure:16849: checking if /opt/intel/composer_xe_2013.5.192/bin/intel64/icpc static flag -static works
configure:16877: result: yes
configure:16887: checking if /opt/intel/composer_xe_2013.5.192/bin/intel64/icpc supports -c -o file.o
configure:16908: /opt/intel/composer_xe_2013.5.192/bin/intel64/icpc -c -g -O2  -I/usr/local/include -o out/conftest2.o conftest.cpp >&5
configure:16912: $? = 0
configure:16934: result: yes
configure:16960: checking whether the /opt/intel/composer_xe_2013.5.192/bin/intel64/icpc linker (/usr/bin/ld -m elf_x86_64) supports shared libraries
configure:16985: result: yes
configure:17052: checking dynamic linker characteristics
configure:17640: result: GNU/Linux ld.so
configure:17649: checking how to hardcode library paths into programs
configure:17674: result: immediate
configure:23857: checking for special C compiler options needed for large files
configure:23960: result: no
configure:23966: checking for _FILE_OFFSET_BITS value needed for large files
configure:24009: /opt/intel/composer_xe_2013.5.192/bin/intel64/icc -c -O3 -tpp7 -axW -ip -w -msse2 -funroll-all-loops -std=gnu99  -I/usr/local/include conftest.c >&5
configure:24016: $? = 0
configure:24093: result: no
configure:24246: checking for _LARGEFILE_SOURCE value needed for large files
configure:24283: /opt/intel/composer_xe_2013.5.192/bin/intel64/icc -o conftest -O3 -tpp7 -axW -ip -w -msse2 -funroll-all-loops -std=gnu99  -I/usr/local/include   conftest.c  >&5
configure:24290: $? = 0
configure:24371: result: no
configure:24404: Using built-in math library with intel compiler
configure:24524: checking rpc/rpc.h usability
configure:24541: /opt/intel/composer_xe_2013.5.192/bin/intel64/icc -c -O3 -tpp7 -axW -ip -w -msse2 -funroll-all-loops -std=gnu99  -I/usr/local/include conftest.c >&5
configure:24548: $? = 0
configure:24562: result: yes
configure:24566: checking rpc/rpc.h presence
configure:24581: /opt/intel/composer_xe_2013.5.192/bin/intel64/icc -E  -I/usr/local/include conftest.c
configure:24588: $? = 0
configure:24602: result: yes
configure:24635: checking for rpc/rpc.h
configure:24644: result: yes
configure:24663: checking for rpc/xdr.h
configure:24687: /opt/intel/composer_xe_2013.5.192/bin/intel64/icc -c -O3 -tpp7 -axW -ip -w -msse2 -funroll-all-loops -std=gnu99  -I/usr/local/include conftest.c >&5
configure:24694: $? = 0
configure:24711: result: yes
configure:24725: checking for xdr_float in -lnsl
configure:24768: /opt/intel/composer_xe_2013.5.192/bin/intel64/icc -o conftest -O3 -tpp7 -axW -ip -w -msse2 -funroll-all-loops -std=gnu99  -I/usr/local/include   conftest.c -lnsl   >&5
configure:24775: $? = 0
configure:24796: result: yes
configure:24847: /opt/intel/composer_xe_2013.5.192/bin/intel64/icc -o conftest -O3 -tpp7 -axW -ip -w -msse2 -funroll-all-loops -std=gnu99  -I/usr/local/include   conftest.c -lnsl  >&5
configure:24854: $? = 0
configure:24890: checking for working memcmp
configure:24951: /opt/intel/composer_xe_2013.5.192/bin/intel64/icc -o conftest -O3 -tpp7 -axW -ip -w -msse2 -funroll-all-loops -std=gnu99  -I/usr/local/include   conftest.c -lnsl  >&5
configure:24955: $? = 0
configure:24961: ./conftest
configure:24965: $? = 0
configure:24982: result: yes
configure:24991: checking return type of signal handlers
configure:25027: /opt/intel/composer_xe_2013.5.192/bin/intel64/icc -c -O3 -tpp7 -axW -ip -w -msse2 -funroll-all-loops -std=gnu99  -I/usr/local/include conftest.c >&5
conftest.c(48): error: operand of "*" must be a pointer
  return *(signal (0, 0)) (0) == 1;
          ^

configure:25034: $? = 2
configure: failed program was:
| /* confdefs.h.  */
| #define PACKAGE_NAME "xdrfile"
| #define PACKAGE_TARNAME "xdrfile"
| #define PACKAGE_VERSION "1.1.2"
| #define PACKAGE_STRING "xdrfile 1.1.2"
| #define PACKAGE_BUGREPORT "gmx-users@gromacs.org"
| #define PACKAGE "xdrfile"
| #define VERSION "1.1.2"
| #define BUILD_TIME "Wed Sep 14 12:46:50 CDT 2016"
| #define BUILD_USER "hjung52@aci-service-2.chtc.wisc.edu"
| #define BUILD_MACHINE "Linux 2.6.32-573.12.1.el6.x86_64 x86_64"
| #define F77_OR_C_FUNC(name,NAME) name
| #define F77_OR_C_FUNC_(name,NAME) name
| #define STDC_HEADERS 1
| #define HAVE_SYS_TYPES_H 1
| #define HAVE_SYS_STAT_H 1
| #define HAVE_STDLIB_H 1
| #define HAVE_STRING_H 1
| #define HAVE_MEMORY_H 1
| #define HAVE_STRINGS_H 1
| #define HAVE_INTTYPES_H 1
| #define HAVE_STDINT_H 1
| #define HAVE_UNISTD_H 1
| #define SIZEOF_INT 4
| #define SIZEOF_LONG_INT 8
| #define SIZEOF_LONG_LONG_INT 8
| #define FLOAT_FORMAT_IEEE754 /**/
| #define HAVE_DLFCN_H 1
| #define HAVE_FSEEKO 1
| #define HAVE_RPC_RPC_H 1
| #define HAVE_RPC_XDR_H 1
| #define HAVE_LIBNSL 1
| /* end confdefs.h.  */
| #include <sys/types.h>
| #include <signal.h>
| 
| #ifdef F77_DUMMY_MAIN
| 
| #  ifdef __cplusplus
|      extern "C"
| #  endif
|    int F77_DUMMY_MAIN() { return 1; }
| 
| #endif
| int
| main ()
| {
| return *(signal (0, 0)) (0) == 1;
|   ;
|   return 0;
| }
configure:25049: result: void
configure:25061: checking for vprintf
configure:25125: /opt/intel/composer_xe_2013.5.192/bin/intel64/icc -o conftest -O3 -tpp7 -axW -ip -w -msse2 -funroll-all-loops -std=gnu99  -I/usr/local/include   conftest.c -lnsl  >&5
configure:25132: $? = 0
configure:25154: result: yes
configure:25163: checking for _doprnt
configure:25227: /opt/intel/composer_xe_2013.5.192/bin/intel64/icc -o conftest -O3 -tpp7 -axW -ip -w -msse2 -funroll-all-loops -std=gnu99  -I/usr/local/include   conftest.c -lnsl  >&5
/tmp/icc2qdqan.o: In function `main':
conftest.c:(.text+0x2b): undefined reference to `_doprnt'
configure:25234: $? = 1
configure: failed program was:
| /* confdefs.h.  */
| #define PACKAGE_NAME "xdrfile"
| #define PACKAGE_TARNAME "xdrfile"
| #define PACKAGE_VERSION "1.1.2"
| #define PACKAGE_STRING "xdrfile 1.1.2"
| #define PACKAGE_BUGREPORT "gmx-users@gromacs.org"
| #define PACKAGE "xdrfile"
| #define VERSION "1.1.2"
| #define BUILD_TIME "Wed Sep 14 12:46:50 CDT 2016"
| #define BUILD_USER "hjung52@aci-service-2.chtc.wisc.edu"
| #define BUILD_MACHINE "Linux 2.6.32-573.12.1.el6.x86_64 x86_64"
| #define F77_OR_C_FUNC(name,NAME) name
| #define F77_OR_C_FUNC_(name,NAME) name
| #define STDC_HEADERS 1
| #define HAVE_SYS_TYPES_H 1
| #define HAVE_SYS_STAT_H 1
| #define HAVE_STDLIB_H 1
| #define HAVE_STRING_H 1
| #define HAVE_MEMORY_H 1
| #define HAVE_STRINGS_H 1
| #define HAVE_INTTYPES_H 1
| #define HAVE_STDINT_H 1
| #define HAVE_UNISTD_H 1
| #define SIZEOF_INT 4
| #define SIZEOF_LONG_INT 8
| #define SIZEOF_LONG_LONG_INT 8
| #define FLOAT_FORMAT_IEEE754 /**/
| #define HAVE_DLFCN_H 1
| #define HAVE_FSEEKO 1
| #define HAVE_RPC_RPC_H 1
| #define HAVE_RPC_XDR_H 1
| #define HAVE_LIBNSL 1
| #define RETSIGTYPE void
| #define HAVE_VPRINTF 1
| /* end confdefs.h.  */
| /* Define _doprnt to an innocuous variant, in case <limits.h> declares _doprnt.
|    For example, HP-UX 11i <limits.h> declares gettimeofday.  */
| #define _doprnt innocuous__doprnt
| 
| /* System header to define __stub macros and hopefully few prototypes,
|     which can conflict with char _doprnt (); below.
|     Prefer <limits.h> to <assert.h> if __STDC__ is defined, since
|     <limits.h> exists even on freestanding compilers.  */
| 
| #ifdef __STDC__
| # include <limits.h>
| #else
| # include <assert.h>
| #endif
| 
| #undef _doprnt
| 
| /* Override any GCC internal prototype to avoid an error.
|    Use char because int might match the return type of a GCC
|    builtin and then its argument prototype would still apply.  */
| #ifdef __cplusplus
| extern "C"
| #endif
| char _doprnt ();
| /* The GNU C library defines this for functions which it implements
|     to always fail with ENOSYS.  Some functions are actually named
|     something starting with __ and the normal name is an alias.  */
| #if defined __stub__doprnt || defined __stub____doprnt
| choke me
| #endif
| 
| #ifdef F77_DUMMY_MAIN
| 
| #  ifdef __cplusplus
|      extern "C"
| #  endif
|    int F77_DUMMY_MAIN() { return 1; }
| 
| #endif
| int
| main ()
| {
| return _doprnt ();
|   ;
|   return 0;
| }
configure:25254: result: no
configure:25268: checking if malloc debugging is wanted
configure:25288: result: no
configure:25297: checking for strcasecmp
configure:25361: /opt/intel/composer_xe_2013.5.192/bin/intel64/icc -o conftest -O3 -tpp7 -axW -ip -w -msse2 -funroll-all-loops -std=gnu99  -I/usr/local/include   conftest.c -lnsl  >&5
configure:25368: $? = 0
configure:25390: result: yes
configure:25406: checking for strdup
configure:25470: /opt/intel/composer_xe_2013.5.192/bin/intel64/icc -o conftest -O3 -tpp7 -axW -ip -w -msse2 -funroll-all-loops -std=gnu99  -I/usr/local/include   conftest.c -lnsl  >&5
configure:25477: $? = 0
configure:25499: result: yes
configure:25512: checking for bool
configure:25548: /opt/intel/composer_xe_2013.5.192/bin/intel64/icc -c -O3 -tpp7 -axW -ip -w -msse2 -funroll-all-loops -std=gnu99  -I/usr/local/include conftest.c >&5
conftest.c(82): error: identifier "bool" is undefined
  if (sizeof (bool))
              ^

configure:25555: $? = 2
configure: failed program was:
| /* confdefs.h.  */
| #define PACKAGE_NAME "xdrfile"
| #define PACKAGE_TARNAME "xdrfile"
| #define PACKAGE_VERSION "1.1.2"
| #define PACKAGE_STRING "xdrfile 1.1.2"
| #define PACKAGE_BUGREPORT "gmx-users@gromacs.org"
| #define PACKAGE "xdrfile"
| #define VERSION "1.1.2"
| #define BUILD_TIME "Wed Sep 14 12:46:50 CDT 2016"
| #define BUILD_USER "hjung52@aci-service-2.chtc.wisc.edu"
| #define BUILD_MACHINE "Linux 2.6.32-573.12.1.el6.x86_64 x86_64"
| #define F77_OR_C_FUNC(name,NAME) name
| #define F77_OR_C_FUNC_(name,NAME) name
| #define STDC_HEADERS 1
| #define HAVE_SYS_TYPES_H 1
| #define HAVE_SYS_STAT_H 1
| #define HAVE_STDLIB_H 1
| #define HAVE_STRING_H 1
| #define HAVE_MEMORY_H 1
| #define HAVE_STRINGS_H 1
| #define HAVE_INTTYPES_H 1
| #define HAVE_STDINT_H 1
| #define HAVE_UNISTD_H 1
| #define SIZEOF_INT 4
| #define SIZEOF_LONG_INT 8
| #define SIZEOF_LONG_LONG_INT 8
| #define FLOAT_FORMAT_IEEE754 /**/
| #define HAVE_DLFCN_H 1
| #define HAVE_FSEEKO 1
| #define HAVE_RPC_RPC_H 1
| #define HAVE_RPC_XDR_H 1
| #define HAVE_LIBNSL 1
| #define RETSIGTYPE void
| #define HAVE_VPRINTF 1
| #define HAVE_STRCASECMP 1
| #define HAVE_STRDUP 1
| /* end confdefs.h.  */
| #include <stdio.h>
| #ifdef HAVE_SYS_TYPES_H
| # include <sys/types.h>
| #endif
| #ifdef HAVE_SYS_STAT_H
| # include <sys/stat.h>
| #endif
| #ifdef STDC_HEADERS
| # include <stdlib.h>
| # include <stddef.h>
| #else
| # ifdef HAVE_STDLIB_H
| #  include <stdlib.h>
| # endif
| #endif
| #ifdef HAVE_STRING_H
| # if !defined STDC_HEADERS && defined HAVE_MEMORY_H
| #  include <memory.h>
| # endif
| # include <string.h>
| #endif
| #ifdef HAVE_STRINGS_H
| # include <strings.h>
| #endif
| #ifdef HAVE_INTTYPES_H
| # include <inttypes.h>
| #endif
| #ifdef HAVE_STDINT_H
| # include <stdint.h>
| #endif
| #ifdef HAVE_UNISTD_H
| # include <unistd.h>
| #endif
| #ifdef F77_DUMMY_MAIN
| 
| #  ifdef __cplusplus
|      extern "C"
| #  endif
|    int F77_DUMMY_MAIN() { return 1; }
| 
| #endif
| int
| main ()
| {
| if (sizeof (bool))
|        return 0;
|   ;
|   return 0;
| }
configure:25620: result: no
configure:25677: checking limits.h usability
configure:25694: /opt/intel/composer_xe_2013.5.192/bin/intel64/icc -c -O3 -tpp7 -axW -ip -w -msse2 -funroll-all-loops -std=gnu99  -I/usr/local/include conftest.c >&5
configure:25701: $? = 0
configure:25715: result: yes
configure:25719: checking limits.h presence
configure:25734: /opt/intel/composer_xe_2013.5.192/bin/intel64/icc -E  -I/usr/local/include conftest.c
configure:25741: $? = 0
configure:25755: result: yes
configure:25788: checking for limits.h
configure:25797: result: yes
configure:25666: checking for strings.h
configure:25673: result: yes
configure:25666: checking for unistd.h
configure:25673: result: yes
configure:25821: checking for unistd.h
configure:25828: result: yes
configure:25970: checking for an ANSI C-conforming const
configure:26053: /opt/intel/composer_xe_2013.5.192/bin/intel64/icc -c -O3 -tpp7 -axW -ip -w -msse2 -funroll-all-loops -std=gnu99  -I/usr/local/include conftest.c >&5
configure:26060: $? = 0
configure:26075: result: yes
configure:26085: checking for size_t
configure:26121: /opt/intel/composer_xe_2013.5.192/bin/intel64/icc -c -O3 -tpp7 -axW -ip -w -msse2 -funroll-all-loops -std=gnu99  -I/usr/local/include conftest.c >&5
configure:26128: $? = 0
configure:26163: /opt/intel/composer_xe_2013.5.192/bin/intel64/icc -c -O3 -tpp7 -axW -ip -w -msse2 -funroll-all-loops -std=gnu99  -I/usr/local/include conftest.c >&5
conftest.c(86): error: expected an expression
  if (sizeof ((size_t)))
                      ^

configure:26170: $? = 2
configure: failed program was:
| /* confdefs.h.  */
| #define PACKAGE_NAME "xdrfile"
| #define PACKAGE_TARNAME "xdrfile"
| #define PACKAGE_VERSION "1.1.2"
| #define PACKAGE_STRING "xdrfile 1.1.2"
| #define PACKAGE_BUGREPORT "gmx-users@gromacs.org"
| #define PACKAGE "xdrfile"
| #define VERSION "1.1.2"
| #define BUILD_TIME "Wed Sep 14 12:46:50 CDT 2016"
| #define BUILD_USER "hjung52@aci-service-2.chtc.wisc.edu"
| #define BUILD_MACHINE "Linux 2.6.32-573.12.1.el6.x86_64 x86_64"
| #define F77_OR_C_FUNC(name,NAME) name
| #define F77_OR_C_FUNC_(name,NAME) name
| #define STDC_HEADERS 1
| #define HAVE_SYS_TYPES_H 1
| #define HAVE_SYS_STAT_H 1
| #define HAVE_STDLIB_H 1
| #define HAVE_STRING_H 1
| #define HAVE_MEMORY_H 1
| #define HAVE_STRINGS_H 1
| #define HAVE_INTTYPES_H 1
| #define HAVE_STDINT_H 1
| #define HAVE_UNISTD_H 1
| #define SIZEOF_INT 4
| #define SIZEOF_LONG_INT 8
| #define SIZEOF_LONG_LONG_INT 8
| #define FLOAT_FORMAT_IEEE754 /**/
| #define HAVE_DLFCN_H 1
| #define HAVE_FSEEKO 1
| #define HAVE_RPC_RPC_H 1
| #define HAVE_RPC_XDR_H 1
| #define HAVE_LIBNSL 1
| #define RETSIGTYPE void
| #define HAVE_VPRINTF 1
| #define HAVE_STRCASECMP 1
| #define HAVE_STRDUP 1
| #define HAVE_LIMITS_H 1
| #define HAVE_STRINGS_H 1
| #define HAVE_UNISTD_H 1
| #define HAVE_UNISTD_H 1
| /* end confdefs.h.  */
| #include <stdio.h>
| #ifdef HAVE_SYS_TYPES_H
| # include <sys/types.h>
| #endif
| #ifdef HAVE_SYS_STAT_H
| # include <sys/stat.h>
| #endif
| #ifdef STDC_HEADERS
| # include <stdlib.h>
| # include <stddef.h>
| #else
| # ifdef HAVE_STDLIB_H
| #  include <stdlib.h>
| # endif
| #endif
| #ifdef HAVE_STRING_H
| # if !defined STDC_HEADERS && defined HAVE_MEMORY_H
| #  include <memory.h>
| # endif
| # include <string.h>
| #endif
| #ifdef HAVE_STRINGS_H
| # include <strings.h>
| #endif
| #ifdef HAVE_INTTYPES_H
| # include <inttypes.h>
| #endif
| #ifdef HAVE_STDINT_H
| # include <stdint.h>
| #endif
| #ifdef HAVE_UNISTD_H
| # include <unistd.h>
| #endif
| #ifdef F77_DUMMY_MAIN
| 
| #  ifdef __cplusplus
|      extern "C"
| #  endif
|    int F77_DUMMY_MAIN() { return 1; }
| 
| #endif
| int
| main ()
| {
| if (sizeof ((size_t)))
| 	  return 0;
|   ;
|   return 0;
| }
configure:26193: result: yes
configure:26205: checking whether struct tm is in sys/time.h or time.h
configure:26243: /opt/intel/composer_xe_2013.5.192/bin/intel64/icc -c -O3 -tpp7 -axW -ip -w -msse2 -funroll-all-loops -std=gnu99  -I/usr/local/include conftest.c >&5
configure:26250: $? = 0
configure:26265: result: time.h
configure:26275: checking for uid_t in sys/types.h
configure:26298: result: yes
configure:26313: checking for inline
configure:26339: /opt/intel/composer_xe_2013.5.192/bin/intel64/icc -c -O3 -tpp7 -axW -ip -w -msse2 -funroll-all-loops -std=gnu99  -I/usr/local/include conftest.c >&5
configure:26346: $? = 0
configure:26364: result: inline
configure:26400: checking whether byte ordering is bigendian
configure:26828: result: no
configure:27196: creating ./config.status

## ---------------- ##
## Cache variables. ##
## ---------------- ##

ac_cv_build=x86_64-unknown-linux-gnu
ac_cv_c_bigendian=no
ac_cv_c_compiler_gnu=no
ac_cv_c_const=yes
ac_cv_c_inline=inline
ac_cv_cxx_compiler_gnu=yes
ac_cv_env_CCASFLAGS_set=
ac_cv_env_CCASFLAGS_value=
ac_cv_env_CCAS_set=
ac_cv_env_CCAS_value=
ac_cv_env_CCC_set=
ac_cv_env_CCC_value=
ac_cv_env_CC_set=set
ac_cv_env_CC_value=/opt/intel/composer_xe_2013.5.192/bin/intel64/icc
ac_cv_env_CFLAGS_set=
ac_cv_env_CFLAGS_value=
ac_cv_env_CPPFLAGS_set=
ac_cv_env_CPPFLAGS_value=
ac_cv_env_CPP_set=
ac_cv_env_CPP_value=
ac_cv_env_CXXCPP_set=
ac_cv_env_CXXCPP_value=
ac_cv_env_CXXFLAGS_set=
ac_cv_env_CXXFLAGS_value=
ac_cv_env_CXX_set=set
ac_cv_env_CXX_value=/opt/intel/composer_xe_2013.5.192/bin/intel64/icpc
ac_cv_env_F77_set=
ac_cv_env_F77_value=
ac_cv_env_FFLAGS_set=
ac_cv_env_FFLAGS_value=
ac_cv_env_LDFLAGS_set=
ac_cv_env_LDFLAGS_value=
ac_cv_env_LIBS_set=
ac_cv_env_LIBS_value=
ac_cv_env_build_alias_set=
ac_cv_env_build_alias_value=
ac_cv_env_host_alias_set=
ac_cv_env_host_alias_value=
ac_cv_env_target_alias_set=
ac_cv_env_target_alias_value=
ac_cv_func__doprnt=no
ac_cv_func_memcmp_working=yes
ac_cv_func_strcasecmp=yes
ac_cv_func_strdup=yes
ac_cv_func_vprintf=yes
ac_cv_header_dlfcn_h=yes
ac_cv_header_inttypes_h=yes
ac_cv_header_limits_h=yes
ac_cv_header_memory_h=yes
ac_cv_header_rpc_rpc_h=yes
ac_cv_header_rpc_xdr_h=yes
ac_cv_header_stdc=yes
ac_cv_header_stdint_h=yes
ac_cv_header_stdlib_h=yes
ac_cv_header_string_h=yes
ac_cv_header_strings_h=yes
ac_cv_header_sys_stat_h=yes
ac_cv_header_sys_types_h=yes
ac_cv_header_unistd_h=yes
ac_cv_host=x86_64-unknown-linux-gnu
ac_cv_lib_nsl_xdr_float=yes
ac_cv_objext=o
ac_cv_path_EGREP='/bin/grep -E'
ac_cv_path_GREP=/bin/grep
ac_cv_path_install='/usr/bin/install -c'
ac_cv_prog_AWK=gawk
ac_cv_prog_CPP='/opt/intel/composer_xe_2013.5.192/bin/intel64/icc -E'
ac_cv_prog_CXXCPP='/opt/intel/composer_xe_2013.5.192/bin/intel64/icpc -E'
ac_cv_prog_ac_ct_AR=ar
ac_cv_prog_ac_ct_RANLIB=ranlib
ac_cv_prog_ac_ct_STRIP=strip
ac_cv_prog_cc_c89=
ac_cv_prog_cc_g=yes
ac_cv_prog_cxx_g=yes
ac_cv_prog_make_make_set=yes
ac_cv_sizeof_int=4
ac_cv_sizeof_long_int=8
ac_cv_sizeof_long_long_int=8
ac_cv_struct_tm=time.h
ac_cv_sys_file_offset_bits=no
ac_cv_sys_largefile_CC=no
ac_cv_sys_largefile_source=no
ac_cv_type_bool=no
ac_cv_type_signal=void
ac_cv_type_size_t=yes
ac_cv_type_uid_t=yes
am_cv_CC_dependencies_compiler_type=gcc3
am_cv_CXX_dependencies_compiler_type=gcc3
am_cv_prog_tar_ustar=gnutar
lt_cv_deplibs_check_method=pass_all
lt_cv_file_magic_cmd='$MAGIC_CMD'
lt_cv_file_magic_test_file=
lt_cv_ld_reload_flag=-r
lt_cv_objdir=.libs
lt_cv_path_LD=/usr/bin/ld
lt_cv_path_LDCXX='/usr/bin/ld -m elf_x86_64'
lt_cv_path_NM='/usr/bin/nm -B'
lt_cv_path_SED=/bin/sed
lt_cv_prog_compiler_c_o=yes
lt_cv_prog_compiler_c_o_CXX=yes
lt_cv_prog_compiler_rtti_exceptions=yes
lt_cv_prog_gnu_ld=yes
lt_cv_prog_gnu_ldcxx=yes
lt_cv_sys_global_symbol_pipe='sed -n -e '\''s/^.*[ 	]\([ABCDGIRSTW][ABCDGIRSTW]*\)[ 	][ 	]*\([_A-Za-z][_A-Za-z0-9]*\)$/\1 \2 \2/p'\'''
lt_cv_sys_global_symbol_to_c_name_address='sed -n -e '\''s/^: \([^ ]*\) $/  {\"\1\", (lt_ptr) 0},/p'\'' -e '\''s/^[BCDEGRST] \([^ ]*\) \([^ ]*\)$/  {"\2", (lt_ptr) \&\2},/p'\'''
lt_cv_sys_global_symbol_to_cdecl='sed -n -e '\''s/^. .* \(.*\)$/extern int \1;/p'\'''
lt_cv_sys_max_cmd_len=32768
lt_lt_cv_prog_compiler_c_o='"yes"'
lt_lt_cv_prog_compiler_c_o_CXX='"yes"'
lt_lt_cv_sys_global_symbol_pipe='"sed -n -e '\''s/^.*[ 	]\\([ABCDGIRSTW][ABCDGIRSTW]*\\)[ 	][ 	]*\\([_A-Za-z][_A-Za-z0-9]*\\)\$/\\1 \\2 \\2/p'\''"'
lt_lt_cv_sys_global_symbol_to_c_name_address='"sed -n -e '\''s/^: \\([^ ]*\\) \$/  {\\\"\\1\\\", (lt_ptr) 0},/p'\'' -e '\''s/^[BCDEGRST] \\([^ ]*\\) \\([^ ]*\\)\$/  {\"\\2\", (lt_ptr) \\&\\2},/p'\''"'
lt_lt_cv_sys_global_symbol_to_cdecl='"sed -n -e '\''s/^. .* \\(.*\\)\$/extern int \\1;/p'\''"'

## ----------------- ##
## Output variables. ##
## ----------------- ##

ACLOCAL='${SHELL} /home/hjung52/Utility/code/gromacs.densityProfile/xdr/xdrfile-1.1.4/config/missing --run aclocal-1.9'
AMDEPBACKSLASH='\'
AMDEP_FALSE='#'
AMDEP_TRUE=''
AMTAR='${SHELL} /home/hjung52/Utility/code/gromacs.densityProfile/xdr/xdrfile-1.1.4/config/missing --run tar'
AR='ar'
AS='/opt/intel/composer_xe_2013.5.192/bin/intel64/icc'
ASFLAGS='-O3 -tpp7 -axW -ip -w'
AUTOCONF='${SHELL} /home/hjung52/Utility/code/gromacs.densityProfile/xdr/xdrfile-1.1.4/config/missing --run autoconf'
AUTOHEADER='${SHELL} /home/hjung52/Utility/code/gromacs.densityProfile/xdr/xdrfile-1.1.4/config/missing --run autoheader'
AUTOMAKE='${SHELL} /home/hjung52/Utility/code/gromacs.densityProfile/xdr/xdrfile-1.1.4/config/missing --run automake-1.9'
AWK='gawk'
CC='/opt/intel/composer_xe_2013.5.192/bin/intel64/icc'
CCAS='/opt/intel/composer_xe_2013.5.192/bin/intel64/icc'
CCASFLAGS='-O3 -tpp7 -axW -ip -w -msse2 -funroll-all-loops -std=gnu99'
CCDEPMODE='depmode=gcc3'
CC_FOR_BUILD='/opt/intel/composer_xe_2013.5.192/bin/intel64/icc'
CFLAGS='-O3 -tpp7 -axW -ip -w -msse2 -funroll-all-loops -std=gnu99'
CPP='/opt/intel/composer_xe_2013.5.192/bin/intel64/icc -E'
CPPFLAGS=' -I/usr/local/include'
CXX='/opt/intel/composer_xe_2013.5.192/bin/intel64/icpc'
CXXCPP='/opt/intel/composer_xe_2013.5.192/bin/intel64/icpc -E'
CXXDEPMODE='depmode=gcc3'
CXXFLAGS='-g -O2'
CYGPATH_W='echo'
DEFS='-DHAVE_CONFIG_H'
DEPDIR='.deps'
DLLTOOL='dlltool'
ECHO='echo'
ECHO_C=''
ECHO_N='-n'
ECHO_T=''
EGREP='/bin/grep -E'
EXEEXT=''
F77=''
F77LINK='$(LINK)'
FFLAGS=''
FLIBS=''
GMXANA_LIBOBJS=''
GMXLIB_LIBOBJS=''
GMX_FORTRAN_FALSE=''
GMX_FORTRAN_TRUE='#'
GREP='/bin/grep'
INCLUDES=''
INSTALL_DATA='${INSTALL} -m 644'
INSTALL_PROGRAM='${INSTALL}'
INSTALL_SCRIPT='${INSTALL}'
INSTALL_STRIP_PROGRAM='${SHELL} $(install_sh) -c -s'
LDFLAGS='  '
LIBOBJS=''
LIBS='-lnsl  '
LIBSUFFIX=''
LIBTOOL='$(SHELL) $(top_builddir)/libtool'
LN_S='ln -s'
LTLIBOBJS=''
MAKEINFO='${SHELL} /home/hjung52/Utility/code/gromacs.densityProfile/xdr/xdrfile-1.1.4/config/missing --run makeinfo'
MDLIB_LIBOBJS=''
MPICC=''
OBJDUMP='objdump'
OBJEXT='o'
PACKAGE='xdrfile'
PACKAGE_BUGREPORT='gmx-users@gromacs.org'
PACKAGE_NAME='xdrfile'
PACKAGE_STRING='xdrfile 1.1.2'
PACKAGE_TARNAME='xdrfile'
PACKAGE_VERSION='1.1.2'
PATH_SEPARATOR=':'
RANLIB='ranlib'
RPM='rpm'
SET_MAKE=''
SHARED_VERSION_INFO='4:0:0'
SHELL='/bin/sh'
STRIP='strip'
VERSION='1.1.2'
ac_ct_CC=''
ac_ct_CXX=''
ac_ct_F77=''
am__fastdepCC_FALSE='#'
am__fastdepCC_TRUE=''
am__fastdepCXX_FALSE='#'
am__fastdepCXX_TRUE=''
am__include='include'
am__leading_dot='.'
am__quote=''
am__tar='tar --format=ustar -chf - "$$tardir"'
am__untar='tar -xf -'
bindir='${exec_prefix}/bin'
build='x86_64-unknown-linux-gnu'
build_alias=''
build_cpu='x86_64'
build_os='linux-gnu'
build_vendor='unknown'
datadir='${datarootdir}'
datarootdir='${prefix}/share'
docdir='${datarootdir}/doc/${PACKAGE_TARNAME}'
dvidir='${docdir}'
exec_prefix='${prefix}'
host='x86_64-unknown-linux-gnu'
host_alias=''
host_cpu='x86_64'
host_os='linux-gnu'
host_vendor='unknown'
htmldir='${docdir}'
includedir='${prefix}/include'
infodir='${datarootdir}/info'
install_sh='/home/hjung52/Utility/code/gromacs.densityProfile/xdr/xdrfile-1.1.4/config/install-sh'
libdir='${exec_prefix}/lib'
libexecdir='${exec_prefix}/libexec'
localedir='${datarootdir}/locale'
localstatedir='${prefix}/var'
mandir='${datarootdir}/man'
mkdir_p='mkdir -p --'
oldincludedir='/usr/include'
pdfdir='${docdir}'
prefix='/home/hjung52/Utility/xdr1.1.4'
program_transform_name='s,x,x,'
psdir='${docdir}'
sbindir='${exec_prefix}/sbin'
sharedstatedir='${prefix}/com'
sysconfdir='${prefix}/etc'
target_alias=''

## ----------- ##
## confdefs.h. ##
## ----------- ##

#define PACKAGE_NAME "xdrfile"
#define PACKAGE_TARNAME "xdrfile"
#define PACKAGE_VERSION "1.1.2"
#define PACKAGE_STRING "xdrfile 1.1.2"
#define PACKAGE_BUGREPORT "gmx-users@gromacs.org"
#define PACKAGE "xdrfile"
#define VERSION "1.1.2"
#define BUILD_TIME "Wed Sep 14 12:46:50 CDT 2016"
#define BUILD_USER "hjung52@aci-service-2.chtc.wisc.edu"
#define BUILD_MACHINE "Linux 2.6.32-573.12.1.el6.x86_64 x86_64"
#define F77_OR_C_FUNC(name,NAME) name
#define F77_OR_C_FUNC_(name,NAME) name
#define STDC_HEADERS 1
#define HAVE_SYS_TYPES_H 1
#define HAVE_SYS_STAT_H 1
#define HAVE_STDLIB_H 1
#define HAVE_STRING_H 1
#define HAVE_MEMORY_H 1
#define HAVE_STRINGS_H 1
#define HAVE_INTTYPES_H 1
#define HAVE_STDINT_H 1
#define HAVE_UNISTD_H 1
#define SIZEOF_INT 4
#define SIZEOF_LONG_INT 8
#define SIZEOF_LONG_LONG_INT 8
#define FLOAT_FORMAT_IEEE754 /**/
#define HAVE_DLFCN_H 1
#define HAVE_FSEEKO 1
#define HAVE_RPC_RPC_H 1
#define HAVE_RPC_XDR_H 1
#define HAVE_LIBNSL 1
#define RETSIGTYPE void
#define HAVE_VPRINTF 1
#define HAVE_STRCASECMP 1
#define HAVE_STRDUP 1
#define HAVE_LIMITS_H 1
#define HAVE_STRINGS_H 1
#define HAVE_UNISTD_H 1
#define HAVE_UNISTD_H 1

configure: exit 0

## ---------------------- ##
## Running config.status. ##
## ---------------------- ##

This file was extended by xdrfile config.status 1.1.2, which was
generated by GNU Autoconf 2.63.  Invocation command line was

  CONFIG_FILES    = 
  CONFIG_HEADERS  = 
  CONFIG_LINKS    = 
  CONFIG_COMMANDS = 
  $ ./config.status 

on aci-service-2.chtc.wisc.edu

config.status:835: creating Makefile
config.status:835: creating include/Makefile
config.status:835: creating src/Makefile
config.status:835: creating src/python/Makefile
config.status:835: creating config.h
config.status:1102: executing depfiles commands

## ---------------------- ##
## Running config.status. ##
## ---------------------- ##

This file was extended by xdrfile config.status 1.1.2, which was
generated by GNU Autoconf 2.63.  Invocation command line was

  CONFIG_FILES    = 
  CONFIG_HEADERS  = 
  CONFIG_LINKS    = 
  CONFIG_COMMANDS = 
  $ ./config.status config.h

on aci-service-2.chtc.wisc.edu

config.status:835: creating config.h
